# JRE version: OpenJDK Runtime Environment (8.0_76-b03) (build 1.8.0_76-release-b03)
# Java VM: OpenJDK 64-Bit Server VM (25.76-b03 mixed mode windows-amd64 compressed oops)
Heap:
 PSYoungGen      total 28672K, used 28656K [0x000000076ab00000, 0x000000076c900000, 0x00000007c0000000)
  eden space 26624K, 100% used [0x000000076ab00000,0x000000076c500000,0x000000076c500000)
  from space 2048K, 99% used [0x000000076c700000,0x000000076c8fc028,0x000000076c900000)
  to   space 2048K, 100% used [0x000000076c500000,0x000000076c700000,0x000000076c700000)
 ParOldGen       total 35840K, used 6671K [0x00000006c0000000, 0x00000006c2300000, 0x000000076ab00000)
  object space 35840K, 18% used [0x00000006c0000000,0x00000006c0683df0,0x00000006c2300000)
 Metaspace       used 5986K, capacity 7088K, committed 7296K, reserved 1056768K
  class space    used 563K, capacity 616K, committed 640K, reserved 1048576K
GC Heap History (5 events):
Event: 2.405 GC heap before
{Heap before GC invocations=1 (full 0):
 PSYoungGen      total 15360K, used 13312K [0x000000076ab00000, 0x000000076bc00000, 0x00000007c0000000)
  eden space 13312K, 100% used [0x000000076ab00000,0x000000076b800000,0x000000076b800000)
  from space 2048K, 0% used [0x000000076ba00000,0x000000076ba00000,0x000000076bc00000)
  to   space 2048K, 0% used [0x000000076b800000,0x000000076b800000,0x000000076ba00000)
 ParOldGen       total 35840K, used 0K [0x00000006c0000000, 0x00000006c2300000, 0x000000076ab00000)
  object space 35840K, 0% used [0x00000006c0000000,0x00000006c0000000,0x00000006c2300000)
 Metaspace       used 5310K, capacity 6512K, committed 6784K, reserved 1056768K
  class space    used 557K, capacity 616K, committed 640K, reserved 1048576K
Event: 2.452 GC heap after
Heap after GC invocations=1 (full 0):
 PSYoungGen      total 15360K, used 2026K [0x000000076ab00000, 0x000000076c900000, 0x00000007c0000000)
  eden space 13312K, 0% used [0x000000076ab00000,0x000000076ab00000,0x000000076b800000)
  from space 2048K, 98% used [0x000000076b800000,0x000000076b9fa940,0x000000076ba00000)
  to   space 2048K, 0% used [0x000000076c700000,0x000000076c700000,0x000000076c900000)
 ParOldGen       total 35840K, used 1209K [0x00000006c0000000, 0x00000006c2300000, 0x000000076ab00000)
  object space 35840K, 3% used [0x00000006c0000000,0x00000006c012e4e8,0x00000006c2300000)
 Metaspace       used 5310K, capacity 6512K, committed 6784K, reserved 1056768K
  class space    used 557K, capacity 616K, committed 640K, reserved 1048576K
}
Event: 3.874 GC heap before
{Heap before GC invocations=2 (full 0):
 PSYoungGen      total 15360K, used 15338K [0x000000076ab00000, 0x000000076c900000, 0x00000007c0000000)
  eden space 13312K, 100% used [0x000000076ab00000,0x000000076b800000,0x000000076b800000)
  from space 2048K, 98% used [0x000000076b800000,0x000000076b9fa940,0x000000076ba00000)
  to   space 2048K, 0% used [0x000000076c700000,0x000000076c700000,0x000000076c900000)
 ParOldGen       total 35840K, used 1209K [0x00000006c0000000, 0x00000006c2300000, 0x000000076ab00000)
  object space 35840K, 3% used [0x00000006c0000000,0x00000006c012e4e8,0x00000006c2300000)
 Metaspace       used 5815K, capacity 6960K, committed 7040K, reserved 1056768K
  class space    used 560K, capacity 616K, committed 640K, reserved 1048576K
Event: 4.180 GC heap after
Heap after GC invocations=2 (full 0):
 PSYoungGen      total 28672K, used 2032K [0x000000076ab00000, 0x000000076c900000, 0x00000007c0000000)
  eden space 26624K, 0% used [0x000000076ab00000,0x000000076ab00000,0x000000076c500000)
  from space 2048K, 99% used [0x000000076c700000,0x000000076c8fc028,0x000000076c900000)
  to   space 2048K, 0% used [0x000000076c500000,0x000000076c500000,0x000000076c700000)
 ParOldGen       total 35840K, used 2587K [0x00000006c0000000, 0x00000006c2300000, 0x000000076ab00000)
  object space 35840K, 7% used [0x00000006c0000000,0x00000006c0286e88,0x00000006c2300000)
 Metaspace       used 5815K, capacity 6960K, committed 7040K, reserved 1056768K
  class space    used 560K, capacity 616K, committed 640K, reserved 1048576K
}
Event: 5.070 GC heap before
{Heap before GC invocations=3 (full 0):
 PSYoungGen      total 28672K, used 28656K [0x000000076ab00000, 0x000000076c900000, 0x00000007c0000000)
  eden space 26624K, 100% used [0x000000076ab00000,0x000000076c500000,0x000000076c500000)
  from space 2048K, 99% used [0x000000076c700000,0x000000076c8fc028,0x000000076c900000)
  to   space 2048K, 0% used [0x000000076c500000,0x000000076c500000,0x000000076c700000)
 ParOldGen       total 35840K, used 2587K [0x00000006c0000000, 0x00000006c2300000, 0x000000076ab00000)
  object space 35840K, 7% used [0x00000006c0000000,0x00000006c0286e88,0x00000006c2300000)
 Metaspace       used 5986K, capacity 7088K, committed 7296K, reserved 1056768K
  class space    used 563K, capacity 616K, committed 640K, reserved 1048576K

