# JRE version: OpenJDK Runtime Environment (8.0_76-b03) (build 1.8.0_76-release-b03)
# Java VM: OpenJDK 64-Bit Server VM (25.76-b03 mixed mode windows-amd64 compressed oops)
Heap:
 PSYoungGen      total 117248K, used 113486K [0x000000076ab00000, 0x0000000772e00000, 0x00000007c0000000)
  eden space 104960K, 98% used [0x000000076ab00000,0x0000000770fe9d28,0x0000000771180000)
  from space 12288K, 82% used [0x0000000771f00000,0x00000007728e9c20,0x0000000772b00000)
  to   space 13824K, 0% used [0x0000000771180000,0x0000000771180000,0x0000000771f00000)
 ParOldGen       total 35840K, used 18575K [0x00000006c0000000, 0x00000006c2300000, 0x000000076ab00000)
  object space 35840K, 51% used [0x00000006c0000000,0x00000006c1223e28,0x00000006c2300000)
 Metaspace       used 6455K, capacity 7344K, committed 7552K, reserved 1056768K
  class space    used 580K, capacity 616K, committed 640K, reserved 1048576K
GC Heap History (10 events):
Event: 1.806 GC heap before
{Heap before GC invocations=2 (full 0):
 PSYoungGen      total 15360K, used 14142K [0x000000076ab00000, 0x000000076c900000, 0x00000007c0000000)
  eden space 13312K, 100% used [0x000000076ab00000,0x000000076b800000,0x000000076b800000)
  from space 2048K, 40% used [0x000000076b800000,0x000000076b8cf9c8,0x000000076ba00000)
  to   space 2048K, 0% used [0x000000076c700000,0x000000076c700000,0x000000076c900000)
 ParOldGen       total 35840K, used 0K [0x00000006c0000000, 0x00000006c2300000, 0x000000076ab00000)
  object space 35840K, 0% used [0x00000006c0000000,0x00000006c0000000,0x00000006c2300000)
 Metaspace       used 5755K, capacity 6832K, committed 7040K, reserved 1056768K
  class space    used 561K, capacity 616K, committed 640K, reserved 1048576K
Event: 1.973 GC heap after
Heap after GC invocations=2 (full 0):
 PSYoungGen      total 28672K, used 2039K [0x000000076ab00000, 0x000000076c900000, 0x00000007c0000000)
  eden space 26624K, 0% used [0x000000076ab00000,0x000000076ab00000,0x000000076c500000)
  from space 2048K, 99% used [0x000000076c700000,0x000000076c8fdc60,0x000000076c900000)
  to   space 2048K, 0% used [0x000000076c500000,0x000000076c500000,0x000000076c700000)
 ParOldGen       total 35840K, used 1735K [0x00000006c0000000, 0x00000006c2300000, 0x000000076ab00000)
  object space 35840K, 4% used [0x00000006c0000000,0x00000006c01b1e18,0x00000006c2300000)
 Metaspace       used 5755K, capacity 6832K, committed 7040K, reserved 1056768K
  class space    used 561K, capacity 616K, committed 640K, reserved 1048576K
}
Event: 4.668 GC heap before
{Heap before GC invocations=3 (full 0):
 PSYoungGen      total 28672K, used 28663K [0x000000076ab00000, 0x000000076c900000, 0x00000007c0000000)
  eden space 26624K, 100% used [0x000000076ab00000,0x000000076c500000,0x000000076c500000)
  from space 2048K, 99% used [0x000000076c700000,0x000000076c8fdc60,0x000000076c900000)
  to   space 2048K, 0% used [0x000000076c500000,0x000000076c500000,0x000000076c700000)
 ParOldGen       total 35840K, used 1735K [0x00000006c0000000, 0x00000006c2300000, 0x000000076ab00000)
  object space 35840K, 4% used [0x00000006c0000000,0x00000006c01b1e18,0x00000006c2300000)
 Metaspace       used 5992K, capacity 7024K, committed 7296K, reserved 1056768K
  class space    used 565K, capacity 616K, committed 640K, reserved 1048576K
Event: 4.714 GC heap after
Heap after GC invocations=3 (full 0):
 PSYoungGen      total 28672K, used 2016K [0x000000076ab00000, 0x000000076e300000, 0x00000007c0000000)
  eden space 26624K, 0% used [0x000000076ab00000,0x000000076ab00000,0x000000076c500000)
  from space 2048K, 98% used [0x000000076c500000,0x000000076c6f8010,0x000000076c700000)
  to   space 2048K, 0% used [0x000000076e100000,0x000000076e100000,0x000000076e300000)
 ParOldGen       total 35840K, used 5878K [0x00000006c0000000, 0x00000006c2300000, 0x000000076ab00000)
  object space 35840K, 16% used [0x00000006c0000000,0x00000006c05bd8c8,0x00000006c2300000)
 Metaspace       used 5992K, capacity 7024K, committed 7296K, reserved 1056768K
  class space    used 565K, capacity 616K, committed 640K, reserved 1048576K
}
Event: 5.083 GC heap before
{Heap before GC invocations=4 (full 0):
 PSYoungGen      total 28672K, used 28640K [0x000000076ab00000, 0x000000076e300000, 0x00000007c0000000)
  eden space 26624K, 100% used [0x000000076ab00000,0x000000076c500000,0x000000076c500000)
  from space 2048K, 98% used [0x000000076c500000,0x000000076c6f8010,0x000000076c700000)
  to   space 2048K, 0% used [0x000000076e100000,0x000000076e100000,0x000000076e300000)
 ParOldGen       total 35840K, used 5878K [0x00000006c0000000, 0x00000006c2300000, 0x000000076ab00000)
  object space 35840K, 16% used [0x00000006c0000000,0x00000006c05bd8c8,0x00000006c2300000)
 Metaspace       used 6102K, capacity 7088K, committed 7296K, reserved 1056768K
  class space    used 565K, capacity 616K, committed 640K, reserved 1048576K
Event: 5.116 GC heap after
Heap after GC invocations=4 (full 0):
 PSYoungGen      total 55296K, used 2048K [0x000000076ab00000, 0x000000076e300000, 0x00000007c0000000)
  eden space 53248K, 0% used [0x000000076ab00000,0x000000076ab00000,0x000000076df00000)
  from space 2048K, 100% used [0x000000076e100000,0x000000076e300000,0x000000076e300000)
  to   space 2048K, 0% used [0x000000076df00000,0x000000076df00000,0x000000076e100000)
 ParOldGen       total 35840K, used 9807K [0x00000006c0000000, 0x00000006c2300000, 0x000000076ab00000)
  object space 35840K, 27% used [0x00000006c0000000,0x00000006c0993ec8,0x00000006c2300000)
 Metaspace       used 6102K, capacity 7088K, committed 7296K, reserved 1056768K
  class space    used 565K, capacity 616K, committed 640K, reserved 1048576K
}
Event: 5.882 GC heap before
{Heap before GC invocations=5 (full 0):
 PSYoungGen      total 55296K, used 55296K [0x000000076ab00000, 0x000000076e300000, 0x00000007c0000000)
  eden space 53248K, 100% used [0x000000076ab00000,0x000000076df00000,0x000000076df00000)
  from space 2048K, 100% used [0x000000076e100000,0x000000076e300000,0x000000076e300000)
  to   space 2048K, 0% used [0x000000076df00000,0x000000076df00000,0x000000076e100000)
 ParOldGen       total 35840K, used 9807K [0x00000006c0000000, 0x00000006c2300000, 0x000000076ab00000)
  object space 35840K, 27% used [0x00000006c0000000,0x00000006c0993ec8,0x00000006c2300000)
 Metaspace       used 6224K, capacity 7216K, committed 7296K, reserved 1056768K
  class space    used 565K, capacity 616K, committed 640K, reserved 1048576K
Event: 5.971 GC heap after
Heap after GC invocations=5 (full 0):
 PSYoungGen      total 55296K, used 2048K [0x000000076ab00000, 0x0000000772b00000, 0x00000007c0000000)
  eden space 53248K, 0% used [0x000000076ab00000,0x000000076ab00000,0x000000076df00000)
  from space 2048K, 100% used [0x000000076df00000,0x000000076e100000,0x000000076e100000)
  to   space 12288K, 0% used [0x0000000771f00000,0x0000000771f00000,0x0000000772b00000)
 ParOldGen       total 35840K, used 18567K [0x00000006c0000000, 0x00000006c2300000, 0x000000076ab00000)
  object space 35840K, 51% used [0x00000006c0000000,0x00000006c1221e28,0x00000006c2300000)
 Metaspace       used 6224K, capacity 7216K, committed 7296K, reserved 1056768K
  class space    used 565K, capacity 616K, committed 640K, reserved 1048576K
}
Event: 8.078 GC heap before
{Heap before GC invocations=6 (full 0):
 PSYoungGen      total 55296K, used 55296K [0x000000076ab00000, 0x0000000772b00000, 0x00000007c0000000)
  eden space 53248K, 100% used [0x000000076ab00000,0x000000076df00000,0x000000076df00000)
  from space 2048K, 100% used [0x000000076df00000,0x000000076e100000,0x000000076e100000)
  to   space 12288K, 0% used [0x0000000771f00000,0x0000000771f00000,0x0000000772b00000)
 ParOldGen       total 35840K, used 18567K [0x00000006c0000000, 0x00000006c2300000, 0x000000076ab00000)
  object space 35840K, 51% used [0x00000006c0000000,0x00000006c1221e28,0x00000006c2300000)
 Metaspace       used 6236K, capacity 7216K, committed 7296K, reserved 1056768K
  class space    used 565K, capacity 616K, committed 640K, reserved 1048576K
Event: 8.159 GC heap after
Heap after GC invocations=6 (full 0):
 PSYoungGen      total 117248K, used 10151K [0x000000076ab00000, 0x0000000772e00000, 0x00000007c0000000)
  eden space 104960K, 0% used [0x000000076ab00000,0x000000076ab00000,0x0000000771180000)
  from space 12288K, 82% used [0x0000000771f00000,0x00000007728e9c20,0x0000000772b00000)
  to   space 13824K, 0% used [0x0000000771180000,0x0000000771180000,0x0000000771f00000)
 ParOldGen       total 35840K, used 18575K [0x00000006c0000000, 0x00000006c2300000, 0x000000076ab00000)
  object space 35840K, 51% used [0x00000006c0000000,0x00000006c1223e28,0x00000006c2300000)
 Metaspace       used 6236K, capacity 7216K, committed 7296K, reserved 1056768K
  class space    used 565K, capacity 616K, committed 640K, reserved 1048576K
}

