# JRE version: OpenJDK Runtime Environment (8.0_76-b03) (build 1.8.0_76-release-b03)
# Java VM: OpenJDK 64-Bit Server VM (25.76-b03 mixed mode windows-amd64 compressed oops)
Heap:
 PSYoungGen      total 842240K, used 701068K [0x000000076ab00000, 0x00000007be000000, 0x00000007c0000000)
  eden space 404480K, 68% used [0x000000076ab00000,0x000000077ba51830,0x0000000783600000)
  from space 437760K, 96% used [0x000000079fd00000,0x00000007b9a51808,0x00000007ba880000)
  to   space 465920K, 0% used [0x0000000783600000,0x0000000783600000,0x000000079fd00000)
 ParOldGen       total 769024K, used 596272K [0x00000006c0000000, 0x00000006eef00000, 0x000000076ab00000)
  object space 769024K, 77% used [0x00000006c0000000,0x00000006e464c018,0x00000006eef00000)
 Metaspace       used 7415K, capacity 7800K, committed 7936K, reserved 1056768K
  class space    used 653K, capacity 688K, committed 768K, reserved 1048576K
GC Heap History (10 events):
Event: 205.382 GC heap before
{Heap before GC invocations=37 (full 7):
 PSYoungGen      total 690688K, used 640167K [0x000000076ab00000, 0x00000007a9000000, 0x00000007c0000000)
  eden space 430080K, 100% used [0x000000076ab00000,0x0000000784f00000,0x0000000784f00000)
  from space 260608K, 80% used [0x0000000784f00000,0x0000000791c29ff0,0x0000000794d80000)
  to   space 283136K, 0% used [0x0000000797b80000,0x0000000797b80000,0x00000007a9000000)
 ParOldGen       total 769024K, used 565352K [0x00000006c0000000, 0x00000006eef00000, 0x000000076ab00000)
  object space 769024K, 73% used [0x00000006c0000000,0x00000006e281a2f0,0x00000006eef00000)
 Metaspace       used 7002K, capacity 7608K, committed 7808K, reserved 1056768K
  class space    used 622K, capacity 624K, committed 640K, reserved 1048576K
Event: 205.943 GC heap after
Heap after GC invocations=37 (full 7):
 PSYoungGen      total 728576K, used 188454K [0x000000076ab00000, 0x00000007a9f80000, 0x00000007c0000000)
  eden space 445440K, 0% used [0x000000076ab00000,0x000000076ab00000,0x0000000785e00000)
  from space 283136K, 66% used [0x0000000797b80000,0x00000007a3389b08,0x00000007a9000000)
  to   space 292352K, 0% used [0x0000000785e00000,0x0000000785e00000,0x0000000797b80000)
 ParOldGen       total 769024K, used 565360K [0x00000006c0000000, 0x00000006eef00000, 0x000000076ab00000)
  object space 769024K, 73% used [0x00000006c0000000,0x00000006e281c2f0,0x00000006eef00000)
 Metaspace       used 7002K, capacity 7608K, committed 7808K, reserved 1056768K
  class space    used 622K, capacity 624K, committed 640K, reserved 1048576K
}
Event: 232.306 GC heap before
{Heap before GC invocations=38 (full 7):
 PSYoungGen      total 728576K, used 633894K [0x000000076ab00000, 0x00000007a9f80000, 0x00000007c0000000)
  eden space 445440K, 100% used [0x000000076ab00000,0x0000000785e00000,0x0000000785e00000)
  from space 283136K, 66% used [0x0000000797b80000,0x00000007a3389b08,0x00000007a9000000)
  to   space 292352K, 0% used [0x0000000785e00000,0x0000000785e00000,0x0000000797b80000)
 ParOldGen       total 769024K, used 565360K [0x00000006c0000000, 0x00000006eef00000, 0x000000076ab00000)
  object space 769024K, 73% used [0x00000006c0000000,0x00000006e281c2f0,0x00000006eef00000)
 Metaspace       used 7409K, capacity 7800K, committed 7936K, reserved 1056768K
  class space    used 653K, capacity 688K, committed 768K, reserved 1048576K
Event: 233.199 GC heap after
Heap after GC invocations=38 (full 7):
 PSYoungGen      total 737792K, used 256903K [0x000000076ab00000, 0x00000007aec00000, 0x00000007c0000000)
  eden space 445440K, 0% used [0x000000076ab00000,0x000000076ab00000,0x0000000785e00000)
  from space 292352K, 87% used [0x0000000785e00000,0x00000007958e1db8,0x0000000797b80000)
  to   space 324608K, 0% used [0x000000079af00000,0x000000079af00000,0x00000007aec00000)
 ParOldGen       total 769024K, used 565360K [0x00000006c0000000, 0x00000006eef00000, 0x000000076ab00000)
  object space 769024K, 73% used [0x00000006c0000000,0x00000006e281c2f0,0x00000006eef00000)
 Metaspace       used 7409K, capacity 7800K, committed 7936K, reserved 1056768K
  class space    used 653K, capacity 688K, committed 768K, reserved 1048576K
}
Event: 249.159 GC heap before
{Heap before GC invocations=39 (full 7):
 PSYoungGen      total 737792K, used 702343K [0x000000076ab00000, 0x00000007aec00000, 0x00000007c0000000)
  eden space 445440K, 100% used [0x000000076ab00000,0x0000000785e00000,0x0000000785e00000)
  from space 292352K, 87% used [0x0000000785e00000,0x00000007958e1db8,0x0000000797b80000)
  to   space 324608K, 0% used [0x000000079af00000,0x000000079af00000,0x00000007aec00000)
 ParOldGen       total 769024K, used 565360K [0x00000006c0000000, 0x00000006eef00000, 0x000000076ab00000)
  object space 769024K, 73% used [0x00000006c0000000,0x00000006e281c2f0,0x00000006eef00000)
 Metaspace       used 7409K, capacity 7800K, committed 7936K, reserved 1056768K
  class space    used 653K, capacity 688K, committed 768K, reserved 1048576K
Event: 250.694 GC heap after
Heap after GC invocations=39 (full 7):
 PSYoungGen      total 740864K, used 323986K [0x000000076ab00000, 0x00000007b4f00000, 0x00000007c0000000)
  eden space 416256K, 0% used [0x000000076ab00000,0x000000076ab00000,0x0000000784180000)
  from space 324608K, 99% used [0x000000079af00000,0x00000007aeb649d8,0x00000007aec00000)
  to   space 374272K, 0% used [0x0000000784180000,0x0000000784180000,0x000000079af00000)
 ParOldGen       total 769024K, used 565360K [0x00000006c0000000, 0x00000006eef00000, 0x000000076ab00000)
  object space 769024K, 73% used [0x00000006c0000000,0x00000006e281c2f0,0x00000006eef00000)
 Metaspace       used 7409K, capacity 7800K, committed 7936K, reserved 1056768K
  class space    used 653K, capacity 688K, committed 768K, reserved 1048576K
}
Event: 278.100 GC heap before
{Heap before GC invocations=40 (full 7):
 PSYoungGen      total 740864K, used 740242K [0x000000076ab00000, 0x00000007b4f00000, 0x00000007c0000000)
  eden space 416256K, 100% used [0x000000076ab00000,0x0000000784180000,0x0000000784180000)
  from space 324608K, 99% used [0x000000079af00000,0x00000007aeb649d8,0x00000007aec00000)
  to   space 374272K, 0% used [0x0000000784180000,0x0000000784180000,0x000000079af00000)
 ParOldGen       total 769024K, used 565360K [0x00000006c0000000, 0x00000006eef00000, 0x000000076ab00000)
  object space 769024K, 73% used [0x00000006c0000000,0x00000006e281c2f0,0x00000006eef00000)
 Metaspace       used 7410K, capacity 7800K, committed 7936K, reserved 1056768K
  class space    used 653K, capacity 688K, committed 768K, reserved 1048576K
Event: 279.359 GC heap after
Heap after GC invocations=40 (full 7):
 PSYoungGen      total 790528K, used 374267K [0x000000076ab00000, 0x00000007ba880000, 0x00000007c0000000)
  eden space 416256K, 0% used [0x000000076ab00000,0x000000076ab00000,0x0000000784180000)
  from space 374272K, 99% used [0x0000000784180000,0x000000079aefeed0,0x000000079af00000)
  to   space 437760K, 0% used [0x000000079fd00000,0x000000079fd00000,0x00000007ba880000)
 ParOldGen       total 769024K, used 578583K [0x00000006c0000000, 0x00000006eef00000, 0x000000076ab00000)
  object space 769024K, 75% used [0x00000006c0000000,0x00000006e3505f70,0x00000006eef00000)
 Metaspace       used 7410K, capacity 7800K, committed 7936K, reserved 1056768K
  class space    used 653K, capacity 688K, committed 768K, reserved 1048576K
}
Event: 303.962 GC heap before
{Heap before GC invocations=41 (full 7):
 PSYoungGen      total 790528K, used 790523K [0x000000076ab00000, 0x00000007ba880000, 0x00000007c0000000)
  eden space 416256K, 100% used [0x000000076ab00000,0x0000000784180000,0x0000000784180000)
  from space 374272K, 99% used [0x0000000784180000,0x000000079aefeed0,0x000000079af00000)
  to   space 437760K, 0% used [0x000000079fd00000,0x000000079fd00000,0x00000007ba880000)
 ParOldGen       total 769024K, used 578583K [0x00000006c0000000, 0x00000006eef00000, 0x000000076ab00000)
  object space 769024K, 75% used [0x00000006c0000000,0x00000006e3505f70,0x00000006eef00000)
 Metaspace       used 7412K, capacity 7800K, committed 7936K, reserved 1056768K
  class space    used 653K, capacity 688K, committed 768K, reserved 1048576K
Event: 305.642 GC heap after
Heap after GC invocations=41 (full 7):
 PSYoungGen      total 842240K, used 423238K [0x000000076ab00000, 0x00000007be000000, 0x00000007c0000000)
  eden space 404480K, 0% used [0x000000076ab00000,0x000000076ab00000,0x0000000783600000)
  from space 437760K, 96% used [0x000000079fd00000,0x00000007b9a51808,0x00000007ba880000)
  to   space 465920K, 0% used [0x0000000783600000,0x0000000783600000,0x000000079fd00000)
 ParOldGen       total 769024K, used 596272K [0x00000006c0000000, 0x00000006eef00000, 0x000000076ab00000)
  object space 769024K, 77% used [0x00000006c0000000,0x00000006e464c018,0x00000006eef00000)
 Metaspace       used 7412K, capacity 7800K, committed 7936K, reserved 1056768K
  class space    used 653K, capacity 688K, committed 768K, reserved 1048576K
}

