# JRE version: OpenJDK Runtime Environment (8.0_76-b03) (build 1.8.0_76-release-b03)
# Java VM: OpenJDK 64-Bit Server VM (25.76-b03 mixed mode windows-amd64 compressed oops)
Heap:
 PSYoungGen      total 270848K, used 220122K [0x000000076ab00000, 0x0000000783080000, 0x00000007c0000000)
  eden space 147968K, 100% used [0x000000076ab00000,0x0000000773b80000,0x0000000773b80000)
  from space 122880K, 58% used [0x000000077b580000,0x000000077fbf68d0,0x0000000782d80000)
  to   space 124928K, 20% used [0x0000000773b80000,0x00000007754d42a8,0x000000077b580000)
 ParOldGen       total 309760K, used 156408K [0x00000006c0000000, 0x00000006d2e80000, 0x000000076ab00000)
  object space 309760K, 50% used [0x00000006c0000000,0x00000006c98be2d0,0x00000006d2e80000)
 Metaspace       used 6432K, capacity 7154K, committed 7296K, reserved 1056768K
  class space    used 596K, capacity 618K, committed 640K, reserved 1048576K
GC Heap History (10 events):
Event: 24.137 GC heap after
Heap after GC invocations=23 (full 4):
 PSYoungGen      total 212992K, used 104935K [0x000000076ab00000, 0x0000000782a80000, 0x00000007c0000000)
  eden space 108032K, 0% used [0x000000076ab00000,0x000000076ab00000,0x0000000771480000)
  from space 104960K, 99% used [0x0000000771480000,0x0000000777af9e40,0x0000000777b00000)
  to   space 132096K, 0% used [0x000000077a980000,0x000000077a980000,0x0000000782a80000)
 ParOldGen       total 241664K, used 151978K [0x00000006c0000000, 0x00000006cec00000, 0x000000076ab00000)
  object space 241664K, 62% used [0x00000006c0000000,0x00000006c946ab70,0x00000006cec00000)
 Metaspace       used 6431K, capacity 7154K, committed 7296K, reserved 1056768K
  class space    used 596K, capacity 618K, committed 640K, reserved 1048576K
}
Event: 24.706 GC heap before
{Heap before GC invocations=24 (full 4):
 PSYoungGen      total 212992K, used 212834K [0x000000076ab00000, 0x0000000782a80000, 0x00000007c0000000)
  eden space 108032K, 99% used [0x000000076ab00000,0x000000077145e9d0,0x0000000771480000)
  from space 104960K, 99% used [0x0000000771480000,0x0000000777af9e40,0x0000000777b00000)
  to   space 132096K, 0% used [0x000000077a980000,0x000000077a980000,0x0000000782a80000)
 ParOldGen       total 241664K, used 151978K [0x00000006c0000000, 0x00000006cec00000, 0x000000076ab00000)
  object space 241664K, 62% used [0x00000006c0000000,0x00000006c946ab70,0x00000006cec00000)
 Metaspace       used 6431K, capacity 7154K, committed 7296K, reserved 1056768K
  class space    used 596K, capacity 618K, committed 640K, reserved 1048576K
Event: 24.841 GC heap after
Heap after GC invocations=24 (full 4):
 PSYoungGen      total 251392K, used 27533K [0x000000076ab00000, 0x0000000782180000, 0x00000007c0000000)
  eden space 128512K, 0% used [0x000000076ab00000,0x000000076ab00000,0x0000000772880000)
  from space 122880K, 22% used [0x000000077a980000,0x000000077c4636c8,0x0000000782180000)
  to   space 127488K, 0% used [0x0000000772880000,0x0000000772880000,0x000000077a500000)
 ParOldGen       total 241664K, used 216594K [0x00000006c0000000, 0x00000006cec00000, 0x000000076ab00000)
  object space 241664K, 89% used [0x00000006c0000000,0x00000006cd384830,0x00000006cec00000)
 Metaspace       used 6431K, capacity 7154K, committed 7296K, reserved 1056768K
  class space    used 596K, capacity 618K, committed 640K, reserved 1048576K
}
Event: 24.841 GC heap before
{Heap before GC invocations=25 (full 5):
 PSYoungGen      total 251392K, used 27533K [0x000000076ab00000, 0x0000000782180000, 0x00000007c0000000)
  eden space 128512K, 0% used [0x000000076ab00000,0x000000076ab00000,0x0000000772880000)
  from space 122880K, 22% used [0x000000077a980000,0x000000077c4636c8,0x0000000782180000)
  to   space 127488K, 0% used [0x0000000772880000,0x0000000772880000,0x000000077a500000)
 ParOldGen       total 241664K, used 216594K [0x00000006c0000000, 0x00000006cec00000, 0x000000076ab00000)
  object space 241664K, 89% used [0x00000006c0000000,0x00000006cd384830,0x00000006cec00000)
 Metaspace       used 6431K, capacity 7154K, committed 7296K, reserved 1056768K
  class space    used 596K, capacity 618K, committed 640K, reserved 1048576K
Event: 26.627 GC heap after
Heap after GC invocations=25 (full 5):
 PSYoungGen      total 251392K, used 0K [0x000000076ab00000, 0x0000000782180000, 0x00000007c0000000)
  eden space 128512K, 0% used [0x000000076ab00000,0x000000076ab00000,0x0000000772880000)
  from space 122880K, 0% used [0x000000077a980000,0x000000077a980000,0x0000000782180000)
  to   space 127488K, 0% used [0x0000000772880000,0x0000000772880000,0x000000077a500000)
 ParOldGen       total 309760K, used 156400K [0x00000006c0000000, 0x00000006d2e80000, 0x000000076ab00000)
  object space 309760K, 50% used [0x00000006c0000000,0x00000006c98bc2d0,0x00000006d2e80000)
 Metaspace       used 6431K, capacity 7154K, committed 7296K, reserved 1056768K
  class space    used 596K, capacity 618K, committed 640K, reserved 1048576K
}
Event: 28.997 GC heap before
{Heap before GC invocations=26 (full 5):
 PSYoungGen      total 251392K, used 128512K [0x000000076ab00000, 0x0000000782180000, 0x00000007c0000000)
  eden space 128512K, 100% used [0x000000076ab00000,0x0000000772880000,0x0000000772880000)
  from space 122880K, 0% used [0x000000077a980000,0x000000077a980000,0x0000000782180000)
  to   space 127488K, 0% used [0x0000000772880000,0x0000000772880000,0x000000077a500000)
 ParOldGen       total 309760K, used 156400K [0x00000006c0000000, 0x00000006d2e80000, 0x000000076ab00000)
  object space 309760K, 50% used [0x00000006c0000000,0x00000006c98bc2d0,0x00000006d2e80000)
 Metaspace       used 6431K, capacity 7154K, committed 7296K, reserved 1056768K
  class space    used 596K, capacity 618K, committed 640K, reserved 1048576K
Event: 29.498 GC heap after
Heap after GC invocations=26 (full 5):
 PSYoungGen      total 256000K, used 56851K [0x000000076ab00000, 0x0000000782d80000, 0x00000007c0000000)
  eden space 128512K, 0% used [0x000000076ab00000,0x000000076ab00000,0x0000000772880000)
  from space 127488K, 44% used [0x0000000772880000,0x0000000776004ea0,0x000000077a500000)
  to   space 122880K, 0% used [0x000000077b580000,0x000000077b580000,0x0000000782d80000)
 ParOldGen       total 309760K, used 156400K [0x00000006c0000000, 0x00000006d2e80000, 0x000000076ab00000)
  object space 309760K, 50% used [0x00000006c0000000,0x00000006c98bc2d0,0x00000006d2e80000)
 Metaspace       used 6431K, capacity 7154K, committed 7296K, reserved 1056768K
  class space    used 596K, capacity 618K, committed 640K, reserved 1048576K
}
Event: 31.757 GC heap before
{Heap before GC invocations=27 (full 5):
 PSYoungGen      total 256000K, used 185363K [0x000000076ab00000, 0x0000000782d80000, 0x00000007c0000000)
  eden space 128512K, 100% used [0x000000076ab00000,0x0000000772880000,0x0000000772880000)
  from space 127488K, 44% used [0x0000000772880000,0x0000000776004ea0,0x000000077a500000)
  to   space 122880K, 0% used [0x000000077b580000,0x000000077b580000,0x0000000782d80000)
 ParOldGen       total 309760K, used 156400K [0x00000006c0000000, 0x00000006d2e80000, 0x000000076ab00000)
  object space 309760K, 50% used [0x00000006c0000000,0x00000006c98bc2d0,0x00000006d2e80000)
 Metaspace       used 6432K, capacity 7154K, committed 7296K, reserved 1056768K
  class space    used 596K, capacity 618K, committed 640K, reserved 1048576K
Event: 32.079 GC heap after
Heap after GC invocations=27 (full 5):
 PSYoungGen      total 270848K, used 72154K [0x000000076ab00000, 0x0000000783080000, 0x00000007c0000000)
  eden space 147968K, 0% used [0x000000076ab00000,0x000000076ab00000,0x0000000773b80000)
  from space 122880K, 58% used [0x000000077b580000,0x000000077fbf68d0,0x0000000782d80000)
  to   space 124928K, 0% used [0x0000000773b80000,0x0000000773b80000,0x000000077b580000)
 ParOldGen       total 309760K, used 156400K [0x00000006c0000000, 0x00000006d2e80000, 0x000000076ab00000)
  object space 309760K, 50% used [0x00000006c0000000,0x00000006c98bc2d0,0x00000006d2e80000)
 Metaspace       used 6432K, capacity 7154K, committed 7296K, reserved 1056768K
  class space    used 596K, capacity 618K, committed 640K, reserved 1048576K
}
Event: 33.446 GC heap before
{Heap before GC invocations=28 (full 5):
 PSYoungGen      total 270848K, used 220122K [0x000000076ab00000, 0x0000000783080000, 0x00000007c0000000)
  eden space 147968K, 100% used [0x000000076ab00000,0x0000000773b80000,0x0000000773b80000)
  from space 122880K, 58% used [0x000000077b580000,0x000000077fbf68d0,0x0000000782d80000)
  to   space 124928K, 0% used [0x0000000773b80000,0x0000000773b80000,0x000000077b580000)
 ParOldGen       total 309760K, used 156400K [0x00000006c0000000, 0x00000006d2e80000, 0x000000076ab00000)
  object space 309760K, 50% used [0x00000006c0000000,0x00000006c98bc2d0,0x00000006d2e80000)
 Metaspace       used 6432K, capacity 7154K, committed 7296K, reserved 1056768K
  class space    used 596K, capacity 618K, committed 640K, reserved 1048576K

