# JRE version: OpenJDK Runtime Environment (8.0_76-b03) (build 1.8.0_76-release-b03)
# Java VM: OpenJDK 64-Bit Server VM (25.76-b03 mixed mode windows-amd64 compressed oops)
Heap:
 PSYoungGen      total 28672K, used 28640K [0x000000076ab00000, 0x000000076c900000, 0x00000007c0000000)
  eden space 26624K, 100% used [0x000000076ab00000,0x000000076c500000,0x000000076c500000)
  from space 2048K, 98% used [0x000000076c700000,0x000000076c8f8028,0x000000076c900000)
  to   space 2048K, 98% used [0x000000076c500000,0x000000076c6f81c8,0x000000076c700000)
 ParOldGen       total 35840K, used 7210K [0x00000006c0000000, 0x00000006c2300000, 0x000000076ab00000)
  object space 35840K, 20% used [0x00000006c0000000,0x00000006c070ab80,0x00000006c2300000)
 Metaspace       used 6154K, capacity 7026K, committed 7296K, reserved 1056768K
  class space    used 590K, capacity 618K, committed 640K, reserved 1048576K
GC Heap History (5 events):
Event: 2.033 GC heap before
{Heap before GC invocations=1 (full 0):
 PSYoungGen      total 15360K, used 13312K [0x000000076ab00000, 0x000000076bc00000, 0x00000007c0000000)
  eden space 13312K, 100% used [0x000000076ab00000,0x000000076b800000,0x000000076b800000)
  from space 2048K, 0% used [0x000000076ba00000,0x000000076ba00000,0x000000076bc00000)
  to   space 2048K, 0% used [0x000000076b800000,0x000000076b800000,0x000000076ba00000)
 ParOldGen       total 35840K, used 0K [0x00000006c0000000, 0x00000006c2300000, 0x000000076ab00000)
  object space 35840K, 0% used [0x00000006c0000000,0x00000006c0000000,0x00000006c2300000)
 Metaspace       used 5428K, capacity 6448K, committed 6528K, reserved 1056768K
  class space    used 568K, capacity 616K, committed 640K, reserved 1048576K
Event: 2.086 GC heap after
Heap after GC invocations=1 (full 0):
 PSYoungGen      total 15360K, used 2023K [0x000000076ab00000, 0x000000076c900000, 0x00000007c0000000)
  eden space 13312K, 0% used [0x000000076ab00000,0x000000076ab00000,0x000000076b800000)
  from space 2048K, 98% used [0x000000076b800000,0x000000076b9f9c88,0x000000076ba00000)
  to   space 2048K, 0% used [0x000000076c700000,0x000000076c700000,0x000000076c900000)
 ParOldGen       total 35840K, used 1528K [0x00000006c0000000, 0x00000006c2300000, 0x000000076ab00000)
  object space 35840K, 4% used [0x00000006c0000000,0x00000006c017e1c8,0x00000006c2300000)
 Metaspace       used 5428K, capacity 6448K, committed 6528K, reserved 1056768K
  class space    used 568K, capacity 616K, committed 640K, reserved 1048576K
}
Event: 3.381 GC heap before
{Heap before GC invocations=2 (full 0):
 PSYoungGen      total 15360K, used 15335K [0x000000076ab00000, 0x000000076c900000, 0x00000007c0000000)
  eden space 13312K, 100% used [0x000000076ab00000,0x000000076b800000,0x000000076b800000)
  from space 2048K, 98% used [0x000000076b800000,0x000000076b9f9c88,0x000000076ba00000)
  to   space 2048K, 0% used [0x000000076c700000,0x000000076c700000,0x000000076c900000)
 ParOldGen       total 35840K, used 1528K [0x00000006c0000000, 0x00000006c2300000, 0x000000076ab00000)
  object space 35840K, 4% used [0x00000006c0000000,0x00000006c017e1c8,0x00000006c2300000)
 Metaspace       used 5817K, capacity 6768K, committed 7040K, reserved 1056768K
  class space    used 572K, capacity 616K, committed 640K, reserved 1048576K
Event: 3.535 GC heap after
Heap after GC invocations=2 (full 0):
 PSYoungGen      total 28672K, used 2016K [0x000000076ab00000, 0x000000076c900000, 0x00000007c0000000)
  eden space 26624K, 0% used [0x000000076ab00000,0x000000076ab00000,0x000000076c500000)
  from space 2048K, 98% used [0x000000076c700000,0x000000076c8f8028,0x000000076c900000)
  to   space 2048K, 0% used [0x000000076c500000,0x000000076c500000,0x000000076c700000)
 ParOldGen       total 35840K, used 3133K [0x00000006c0000000, 0x00000006c2300000, 0x000000076ab00000)
  object space 35840K, 8% used [0x00000006c0000000,0x00000006c030f528,0x00000006c2300000)
 Metaspace       used 5817K, capacity 6768K, committed 7040K, reserved 1056768K
  class space    used 572K, capacity 616K, committed 640K, reserved 1048576K
}
Event: 7.301 GC heap before
{Heap before GC invocations=3 (full 0):
 PSYoungGen      total 28672K, used 28640K [0x000000076ab00000, 0x000000076c900000, 0x00000007c0000000)
  eden space 26624K, 100% used [0x000000076ab00000,0x000000076c500000,0x000000076c500000)
  from space 2048K, 98% used [0x000000076c700000,0x000000076c8f8028,0x000000076c900000)
  to   space 2048K, 0% used [0x000000076c500000,0x000000076c500000,0x000000076c700000)
 ParOldGen       total 35840K, used 3133K [0x00000006c0000000, 0x00000006c2300000, 0x000000076ab00000)
  object space 35840K, 8% used [0x00000006c0000000,0x00000006c030f528,0x00000006c2300000)
 Metaspace       used 6154K, capacity 7026K, committed 7296K, reserved 1056768K
  class space    used 590K, capacity 618K, committed 640K, reserved 1048576K

